CBIT definitions: 

MSK_COP_EVNT       0x00000001
MSK_BARO_RNG       0x00000002
MSK_ALPHA_RNG      0x00000004
MSK_BETA_RNG       0x00000008
MSK_PS_RNG         0x00000010
MSK_EXTEMP_RNG     0x00000020
MSK_RH_RNG         0x00000040
MSK_ADS_ITEMP_RNG  0x00000080
MSK_NUMRPTNG_WARN  0x00000100
MSK_ADS_DRATE_RNG  0x00000200
MSK_FAULT_BARO     0x00000400
MSK_FAULT_ALPHA    0x00000800
MSK_FAULT_BETA     0x00001000
MSK_FAULT_PS       0x00002000
MSK_CAN_WARN       0x00004000
MSK_COP_ADS        0x00008000
MSK_COP_IRS        0x00010000
MSK_IRS_DRATE      0x00020000
MSK_TRH_IO         0x00040000
MSK_GYRO_RANGE     0x00080000
MSK_ACC_RANGE      0x00100000
MSK_ORION_COMM     0x00200000
MSK_ORION_MSGCOUNT 0x00400000
MSK_ORION_BITFAIL  0x00800000
MSK_GPS1_AGE       0x01000000
MSK_GPS1_NAVSTAT   0x02000000
MSK_CAN_RXOVR      0x04000000
MSK_CAN_RXBUFOVR   0x08000000
MSK_CAN_TXBUFOVR   0x10000000
MSK_CAN_BSOFF_RST  0x20000000
MSK_GPS2_AGE       0x40000000
MSK_GPS2_NAVSTAT   0x80000000

CBIT2 definitions: 

MSK_RTC_WARN             0x00000001
MSK_ALFAT_IO             0x00000002
MSK_ALFAT_MOUNT          0x00000004
MSK_ALFAT_DIRLIST        0x00000008
MSK_ALFAT_FILEOPEN       0x00000010
MSK_ALFAT_FWUPDATE       0x00000020
MSK_ALFAT_WRITEFILE      0x00000040
MSK_ALFAT_CLOSEFILE      0x00000080
MSK_ALFAT_GPS1COMM       0x00000100
MSK_ALFAT_GPS2COMM       0x00000200
MSK_IMUDAT_SERIAL_FAULT  0x00000400
MSK_ADPDAT_SERIAL_FAULT  0x00000800
MSK_DFLASH_IO_ERROR      0x00001000
MSK_SERIAL_OVRFLO_GPS1   0x00002000
MSK_SERIAL_OVRFLO_GPS2   0x00004000
MSK_WARN_NOTALIVE_ADS    0x00008000
MSK_WARN_NOTALIVE_IRS    0x00010000
MSK_WARN_NOTALIVE_GPSUSB 0x00020000
MSK_NO_RATE_INTEG        0x00040000
MSK_WARN_PVTEKF          0x00080000
MSK_WARN_ICPEKF          0x00100000
MSK_FILTER_RESET         0x00200000

    TIME       CBIT        CBIT2
 [HRS UTC]                      

  17.59306     400000     1c0000
  17.59333     400000     1c0000
  17.59361     400000     1c0000
  17.59389     400000     1c0000
  17.59417     400000     1c0000
  17.59444     400000     1c0000
  17.59472     400000     1c0000
  17.59500     400000     1c0000
  17.59528     400000     1c0000
  17.59556     400000     1c0000
  17.59583     400000     1c0000
  17.59611     400000     1c0000
  17.59639     400000     1c0000
  17.59667     400000     1c0000
  17.59694     400000     1c0000
  17.59722     400000     1c0000
  17.59750     400000     1c0000
  17.59778     400000     1c0000
  17.59806     400000     1c0000
  17.59833     400000     1c0000
  17.59861     400000     1c0000
  17.59889     400000     1c0000
  17.59917     400000     1c0000
  17.59945     400000     1c0000
  17.59972     400000     1c0000
  17.60000     400000     1c0000
  17.60028     400000     1c0000
  17.60056     400000     1c0000
  17.60083     400000     1c0000
  17.60111     400000     1c0000
  17.60139     400000     1c0000
  17.60167     400000     1c0000
  17.60194     400000     1c0000
  17.60222     400000     1c0000
  17.60250     400000     1c0000
  17.60278     400000     1c0000
  17.60306     400000     1c0000
  17.60333     400000     1c0000
  17.60361     400000     1c0000
  17.60389     400000     1c0000
  17.60417     400000     1c0000
  17.60444     400000     1c0000
  17.60472     400000     1c0000
  17.60500     400000     1c0000
  17.60528     400000     1c0000
  17.60556     400000     1c0000
  17.60583     400000     1c0000
  17.60611     400000     1c0000
  17.60639     400000     1c0000
  17.60667     400000     1c0000
  17.60695     400000     1c0000
  17.60722     400000     1c0000
  17.60750     400000     1c0000
  17.60778     400000     1c0000
  17.60806     400000     1c0000
  17.60833     400000     1c0000
  17.60861     400000     1c0000
  17.60889     400000     1c0000
  17.60917     400000     1c0000
  17.60945     400000     1c0000
  17.60972     400000     1c0000
  17.61000     400000     1c0000
  17.61028     400000     1c0000
  17.61056     400000     1c0000
  17.61083     400000     1c0000
  17.61111     400000     1c0000
  17.61139     400000     1c0000
  17.61167     400000     1c0000
  17.61194     400000     1c0000
  17.61222     400000     1c0000
  17.61250     400000     1c0000
  17.61278     400000     1c0000
  17.61306     400000     1c0000
  17.61333     400000     1c0000
  17.61361     400000     1c0000
  17.61389     400000     1c0000
  17.61417     400000     1c0000
  17.61444     400000     1c0000
  17.61472     400000     1c0000
  17.61500     400000     1c0000
  17.61528     400000     1c0000
  17.61556     400000     1c0000
  17.61583     400000     1c0000
  17.61611     400000     1c0000
  17.61639     400000     1c0000
  17.61667     400000     1c0000
  17.61695     400000     1c0000
  17.61722     400000     1c0000
  17.61750     400000     1c0000
  17.61778     400000     1c0000
  17.61806     400000     1c0000
  17.61833     400000     1c0000
  17.61861     400000     1c0000
  17.61889     400000     1c0000
  17.61917     400000     1c0000
  17.61944     400000     1c0000
  17.61972     400000     1c0000
  17.62000     400000     1c0000
  17.62028     400000     1c0000
  17.62056     400000     1c0000
  17.62083     400000     1c0000
  17.62111     400000     1c0000
  17.62139     400000     1c0000
  17.62167     400000     1c0000
  17.62194     400000     1c0000
  17.62222     400000     1c0000
  17.62250     400000     1c0000
  17.62278     400000     1c0000
  17.62306     400000     1c0000
  17.62333     400000     1c0000
  17.62361     400000     1c0000
  17.62389     400000     1c0000
  17.62417     400000     1c0000
  17.62444     400000     1c0000
  17.62472     400000     1c0000
  17.62500     400000     1c0000
  17.62528     400000     1c0000
  17.62556     400000     1c0000
  17.62583     400000     1c0000
  17.62611     400000     1c0000
  17.62639     400000     1c0000
  17.62667     400000     1c0000
  17.62695     400000     1c0000
  17.62722     400000     1c0000
  17.62750     400000     1c0000
  17.62778     400000     1c0000
  17.62806     400000     1c0000
  17.62833     400000     1c0000
  17.62861     400000     1c0000
  17.62889     400000     1c0000
  17.62917     400000     1c0000
  17.62944     400000     1c0000
  17.62972     400000     1c0000
  17.63000     400000     1c0000
  17.63028     400000     1c0000
  17.63056     400000     1c0000
  17.63083     400000     1c0000
  17.63111     400000     1c0000
  17.63139     400000     1c0000
  17.63167     400000     1c0000
  17.63194     400000     1c0000
  17.63222     400000     1c0000
  17.63250     400000     1c0000
  17.63278     400000     1c0000
  17.63306     400000     1c0000
  17.63333     400000     1c0000
  17.63361     400000     1c0000
  17.63389     400000     1c0000
  17.63417     400000     1c0000
  17.63445     400000     1c0000
  17.63472     400000     1c0000
  17.63500     400000     1c0000
  17.63528     400000     1c0000
  17.63556     400000     1c0000
  17.63583     400000     1c0000
  17.63611     400000     1c0000
  17.63639     400000     1c0000
  17.63667     400000     1c0000
  17.63694     400000     1c0000
  17.63722     400000     1c0000
  17.63750     400000     1c0000
  17.63778     400000     1c0000
  17.63806     400000     1c0000
  17.63833     400000     1c0000
  17.63861     400000     1c0000
  17.63889     400000     1c0000
  17.63917     400000     1c0000
  17.63944     400000     1c0000
  17.63972     400000     1c0000
  17.64000     400000     1c0000
  17.64028     400000     1c0000
  17.64056     400000     1c0000
  17.64083     400000     1c0000
  17.64111     400000     1c0000
  17.64139     400000     1c0000
  17.64167     400000     1c0000
  17.64194     400000     1c0000
  17.64222     400000     1c0000
  17.64250     400000     1c0000
  17.64278     400000     1c0000
  17.64305     400000     1c0000
  17.64333     400000     1c0000
  17.64361     400000     1c0000
  17.64389     400000     1c0000
  17.64417     400000     1c0000
  17.64444     400000     1c0000
  17.64472     400000     1c0000
  17.64500     400000     1c0000
  17.64528     400000     1c0000
  17.64556     400000     1c0000
  17.64583     400000     1c0000
  17.64611     400000     1c0000
  17.64639     400000     1c0000
  17.64667     400000     1c0000
  17.64694     400000     1c0000
  17.64722     400000     1c0000
  17.64750     400000     1c0000
  17.64778     400000     1c0000
  17.64806     400000     1c0000
  17.64833     400000     1c0000
  17.64861     400000     1c0000
  17.64889     400000     1c0000
  17.64917     400000     1c0000
  17.64944     400000     1c0000
  17.64972     400000     1c0000
  17.65000     400000     1c0000
  17.65028     400000     1c0000
  17.65055     400000     1c0000
  17.65083     400000     1c0000
  17.65111     400000     1c0000
  17.65139     400000     1c0000
  17.65167     400000     1c0000
  17.65194     400000     1c0000
  17.65222     400000     1c0000
  17.65250     400000     1c0000
  17.65278     400000     1c0000
  17.65306     400000     1c0000
  17.65333     400000     1c0000
  17.65361     400000     1c0000
  17.65389     400000     1c0000
  17.65417     400000     1c0000
  17.65444     400000     1c0000
  17.65472     400000     1c0000
  17.65500     400000     1c0000
  17.65528     400000     1c0000
  17.65556     400000     1c0000
  17.65583     400000     1c0000
  17.65611     400000     1c0000
  17.65639     400000     1c0000
  17.65667     400000     1c0000
  17.65694     400000     1c0000
  17.65722     400000     1c0000
  17.65750     400000     1c0000
  17.65778     400000     1c0000
  17.65805     400000     1c0000
  17.65833     400000     1c0000
  17.65861     400000     1c0000
  17.65889     400000     1c0000
  17.65917     400000     1c0000
  17.65944     400000     1c0000
  17.65972     400000     1c0000
  17.66000     400000     1c0000
  17.66028     400000     1c0000
  17.66055     400000     1c0000
  17.66083     400000     1c0000
  17.66111     400000     1c0000
  17.66139     400000     1c0000
  17.66167     400000     1c0000
  17.66194     400000     1c0000
  17.66222     400000     1c0000
  17.66250     400000     1c0000
  17.66278     400000     1c0000
  17.66306     400000     1c0000
  17.66333     400000     1c0000
  17.66361     400000     1c0000
  17.66389     400000     1c0000
  17.66417     400000     1c0000
  17.66444     400000     1c0000
  17.66472     400000     1c0000
  17.66500     400000     1c0000
  17.66528     400000     1c0000
  17.66556     400000     1c0000
  17.66583     400000     1c0000
  17.66611     400000     1c0000
  17.66639     400000     1c0000
  17.66667     400000     1c0000
  17.66694     400000     1c0000
  17.66722     400000     1c0000
  17.66750     400000     1c0000
  17.66778     400000     1c0000
  17.66805     400000     1c0000
  17.66833     400000     1c0000
  17.66861     400000     1c0000
  17.66889     400000     1c0000
  17.66917     400000     1c0000
  17.66944     400000     1c0000
  17.66972     400000     1c0000
  17.67000     400000     1c0000
  17.67028     400000     1c0000
  17.67056     400000     1c0000
  17.67083     400000     1c0000
  17.67111     400000     1c0000
  17.67139     400000     1c0000
  17.67167     400000     1c0000
  17.67194     400000     1c0000
  17.67222     400000     1c0000
  17.67250     400000     1c0000
  17.67278     400000     1c0000
  17.67306     400000     1c0000
  17.67333     400000     1c0000
  17.67361     400000     1c0000
  17.67389     400000     1c0000
  17.67417     400000     1c0000
  17.67444     400000     1c0000
  17.67472     400000     1c0000
  17.67500     400000     1c0000
  17.67528     400000     1c0000
  17.67555     400000     1c0000
  17.67583     400000     1c0000
  17.67611     400000     1c0000
  17.67639     400000     1c0000
  17.67667     400000     1c0000
  17.67694     400000     1c0000
  17.67722     400000     1c0000
  17.67750     400000     1c0000
  17.67778     400000     1c0000
  17.67805     400000     1c0000
  17.67833     400000     1c0000
  17.67861     400000     1c0000
  17.67889     400000     1c0000
  17.67917     400000     1c0000
  17.67944     400000     1c0000
  17.67972     400000     1c0000
  17.68000     400000     1c0000
  17.68028     400000     1c0000
  17.68056     400000     1c0000
  17.68083     400000     1c0000
  17.68111     400000     1c0000
  17.68139     400000     1c0000
  17.68167     400000     1c0000
  17.68194     400000     1c0000
  17.68222     400000     1c0000
  17.68250     400000     1c0000
  17.68278     400000     1c0000
  17.68306     400000     1c0000
  17.68333     400000     1c0000
  17.68361     400000     1c0000
  17.68389     400000     1c0000
  17.68417     400000     1c0000
  17.68445     400000     1c0000
  17.68472     400000     1c0000
  17.68500     400000     1c0000
  17.68528     400000     1c0000
  17.68556     400000     1c0000
  17.68583     400000     1c0000
  17.68611     400000     1c0000
  17.68639     400000     1c0000
  17.68667     400000     1c0000
  17.68694     400000     1c0000
  17.68722     400000     1c0000
  17.68750     400000     1c0000
  17.68778     400000     1c0000
  17.68806     400000     1c0000
  17.68833     400000     1c0000
  17.68861     400000     1c0000
  17.68889     400000     1c0000
  17.68917     400000     1c0000
  17.68945     400000     1c0000
  17.68972     400000     1c0000
  17.69000     400000     1c0000
  17.69028     400000     1c0000
  17.69056     400000     1c0000
  17.69083     400000     1c0000
  17.69111     400000     1c0000
  17.69139     400000     1c0000
  17.69167     400000     1c0000
  17.69195     400000     1c0000
  17.69222     400000     1c0000
  17.69250     400000     1c0000
  17.69278     400000     1c0000
  17.69306     400000     1c0000
  17.69333     400000     1c0000
  17.69361     400000     1c0000
  17.69389     400000     1c0000
  17.69417     400000     1c0000
  17.69444     400000     1c0000
  17.69472     400000     1c0000
  17.69500     400000     1c0000
  17.69528     400000     1c0000
  17.69556     400000     1c0000
  17.69584     400000     1c0000
  17.69611     400000     1c0000
  17.69639     400000     1c0000
  17.69667     400000     1c0000
  17.69695     400000     1c0000
  17.69722     400000     1c0000
  17.69750     400000     1c0000
  17.69778     400000     1c0000
  17.69806     400000     1c0000
  17.69833     400000     1c0000
  17.69861     400000     1c0000
  17.69889     400000     1c0000
  17.69917     400000     1c0000
  17.69945     400000     1c0000
  17.69972     400000     1c0000
  17.70000     400000     1c0000
  17.70028     400000     1c0000
  17.70056     400000     1c0000
  17.70083     400000     1c0000
  17.70111     400000     1c0000
  17.70139     400000     1c0000
  17.70167     400000     1c0000
  17.70194     400000     1c0000
  17.70222     400000     1c0000
  17.70250     400000     1c0000
  17.70278     400000     1c0000
  17.70306     400000     1c0000
  17.70333     400000     1c0000
  17.70361     400000     1c0000
  17.70389     400000     1c0000
  17.70417     400000     1c0000
  17.70444     400000     1c0000
  17.70472     400000     1c0000
  17.70500     400000     1c0000
  17.70528     400000     1c0000
  17.70556     400000     1c0000
  17.70583     400000     1c0000
  17.70611     400000     1c0000
  17.70639     400000     1c0000
  17.70667     400000     1c0000
  17.70695     400000     1c0000
  17.70722     400000     1c0000
  17.70750     400000     1c0000
  17.70778     400000     1c0000
  17.70806     400000     1c0000
  17.70833     400000     1c0000
  17.70861     400000     1c0000
  17.70889     400000     1c0000
  17.70917     400000     1c0000
  17.70945     400000     1c0000
  17.70972     400000     1c0000
  17.71000     400000     1c0000
  17.71028     400000     1c0000
  17.71056     400000     1c0000
  17.71083     400000     1c0000
  17.71111     400000     1c0000
  17.71139     400000     1c0000
  17.71167     400000     1c0000
  17.71194     400000     1c0000
  17.71222     400000     1c0000
  17.71250     400000     1c0000
  17.71278     400000     1c0000
  17.71306     400000     1c0000
  17.71334     400000     1c0000
  17.71361     400000     1c0000
  17.71389     400000     1c0000
  17.71417     400000     1c0000
  17.71445     400000     1c0000
  17.71472     400000     1c0000
  17.71500     400000     1c0000
  17.71528     400000     1c0000
  17.71556     400000     1c0000
  17.71583     400000     1c0000
  17.71611     400000     1c0000
  17.71639     400000     1c0000
  17.71667     400000     1c0000
  17.71695     400000     1c0000
  17.71722     400000     1c0000
  17.71750     400000     1c0000
  17.71778     400000     1c0000
  17.71806     400000     1c0000
  17.71833     400000     1c0000
  17.71861     400000     1c0000
  17.71889     400000     1c0000
  17.71917     400000     1c0000
  17.71944     400000     1c0000
  17.71972     400000     1c0000
  17.72000     400000     1c0000
  17.72028     400000     1c0000
  17.72056     400000     1c0000
  17.72083     400000     1c0000
  17.72111     400000     1c0000
  17.72139     400000     1c0000
  17.72167     400000     1c0000
  17.72194     400000     1c0000
  17.72222     400000     1c0000
  17.72250     400000     1c0000
  17.72278     400000     1c0000
  17.72306     400000     1c0000
  17.72333     400000     1c0000
  17.72361     400000     1c0000
  17.72389     400000     1c0000
  17.72417     400000     1c0000
  17.72445     400000     1c0000
  17.72472     400000     1c0000
  17.72500     400000     1c0000
  17.72528     400000     1c0000
  17.72556     400000     1c0000
  17.72583     400000     1c0000
  17.72611     400000     1c0000
  17.72639     400000     1c0000
  17.72667     400000     1c0000
  17.72695     400000     1c0000
  17.72722     400000     1c0000
  17.72750     400000     1c0000
  17.72778     400000     1c0000
  17.72806     400000     1c0000
  17.72833     400000     1c0000
  17.72861     400000     1c0000
  17.72889     400000     1c0000
  17.72917     400000     1c0000
  17.72944     400000     1c0000
  17.72972     400000     1c0000
  17.73000     400000     1c0000
  17.73028     400000     1c0000
  17.73056     400000     1c0000
  17.73083     400000     1c0000
  17.73111     400000     1c0000
  17.73139     400000     1c0000
  17.73167     400000     1c0000
  17.73195     400000     1c0000
  17.73222     400000     1c0000
  17.73250     400000     1c0000
  17.73278     400000     1c0000
  17.73306     400000     1c0000
  17.73333     400000     1c0000
  17.73361     400000     1c0000
  17.73389     400000     1c0000
  17.73417     400000     1c0000
  17.73445     400000     1c0000
  17.73472     400000     1c0000
  17.73500     400000     1c0000
  17.73528     400000     1c0000
  17.73556     400000     1c0000
  17.73583     400000     1c0000
  17.73611     400000     1c0000
  17.73639     400000     1c0000
  17.73667     400000     1c0000
  17.73694     400000     1c0000
  17.73722     400000     1c0000
  17.73750     400000     1c0000
  17.73778     400000     1c0000
  17.73806     400000     1c0000
  17.73833     400000     1c0000
  17.73861     400000     1c0000
  17.73889     400000     1c0000
  17.73917     400000     1c0000
  17.73944     400000     1c0000
  17.73972     400000     1c0000
  17.74000     400000     1c0000
  17.74028     400000     1c0000
  17.74056     400000     1c0000
  17.74083     400000     1c0000
  17.74111     400000     1c0000
  17.74139     400000     1c0000
  17.74167     400000     1c0000
  17.74195     400000     1c0000
  17.74222     400000     1c0000
  17.74250     400000     1c0000
  17.74278     400000     1c0000
  17.74306     400000     1c0000
  17.74333     400000     1c0000
  17.74361     400000     1c0000
  17.74389     400000     1c0000
  17.74417     400000     1c0000
  17.74444     400000     1c0000
  17.74472     420000     1c0000
  17.74500     400000     1c0000
  17.74528     400000     1c0000
  17.74556     400000     1c0000
  17.74583     400000     1c0000
  17.74611     400000     1c0000
  17.74639     400000     1c0000
  17.74667     400000     1c0000
  17.74694     400000     1c0000
  17.74722     400000     1c0000
  17.74750     400000     1c0000
  17.74778     400000     1c0000
  17.74806     400000     1c0000
  17.74833     400000     1c0000
  17.74861     400000     1c0000
  17.74889     400000     1c0000
  17.74917     400000     1c0000
  17.74944     400000     1c0000
  17.74972     400000     1c0000
  17.75000     400000     1c0000
  17.75028     400000     1c0000
  17.75056     400000     1c0000
  17.75083     400000     1c0000
  17.75111     400000     1c0000
  17.75139     400000     1c0000
  17.75167     400000     1c0000
  17.75194     400000     1c0000
  17.75222     400000     1c0000
  17.75250     400000     1c0000
  17.75278     400000     1c0000
  17.75306     400000     1c0000
  17.75333     400000     1c0000
  17.75361     400000     1c0000
  17.75389     400000     1c0000
  17.75417     400000     1c0000
  17.75444     400000     1c0000
  17.75472     400000     1c0000
  17.75500     400000     1c0000
  17.75528     400000     1c0000
  17.75556     400000     1c0000
  17.75583     400000     1c0000
  17.75611     400000     1c0000
  17.75639     400000     1c0000
  17.75667     400000     1c0000
  17.75694     400000     1c0000
  17.75722     400000     1c0000
  17.75750     400000     1c0000
  17.75778     400000     1c0000
  17.75805     400000     1c0000
  17.75833     400000     1c0000
  17.75833     400000     1c0000
  17.75917     400000     1c0000
  17.76028     400000     1c0000
  17.76056     400000     1c0000
  17.76056     400000     1c0000
  17.76167     400000     1c0000
  17.76194     400000     1c0000
  17.76222     400000     1c0000
  17.76250     400000     1c0000
  17.76278     400000     1c0000
  17.76306     400000     1c0000
  17.76333     400000     1c0000
  17.76361     400000     1c0000
  17.76389     400000     1c0000
  17.76417     400000     1c0000
  17.76444     400000     1c0000
  17.76472     400000     1c0000
  17.76500     400000     1c0000
  17.76528     400000     1c0000
  17.76556     400000     1c0000
  17.76583     400000     1c0000
  17.76611     400000     1c0000
  17.76639     400000     1c0000
  17.76667     400000     1c0000
  17.76694     400000     1c0000
  17.76722     400000     1c0000
  17.76750     400000     1c0000
  17.76778     400000     1c0000
  17.76805     400000     1c0000
  17.76833     400000     1c0000
  17.76861     400000     1c0000
  17.76889     400000     1c0000
  17.76917     400000     1c0000
  17.76944     400000     1c0000
  17.76972     400000     1c0000
  17.77000     400000     1c0000
  17.77028     400000     1c0000
  17.77056     400000     1c0000
  17.77083     400000     1c0000
  17.77111     400000     1c0000
  17.77139     400000     1c0000
  17.77167     400000     1c0000
  17.77194     400000     1c0000
  17.77222     400000     1c0000
  17.77250     400000     1c0000
  17.77278     400000     1c0000
  17.77306     400000     1c0000
  17.77333     400000     1c0000
  17.77361     400000     1c0000
  17.77389     400000     1c0000
  17.77417     400000     1c0000
  17.77444     400000     1c0000
  17.77472     400000     1c0000
  17.77500     400000     1c0000
  17.77528     400000     1c0000
  17.77555     400000     1c0000
  17.77583     400000     1c0000
  17.77611     400000     1c0000
  17.77639     400000     1c0000
  17.77667     400000     1c0000
  17.77695     400000     1c0000
  17.77722     400000     1c0000
  17.77750     400000     1c0000
  17.77778     400000     1c0000
  17.77806     400000     1c0000
  17.77833     400000     1c0000
  17.77861     400000     1c0000
  17.77889     400000     1c0000
  17.77917     400000     1c0000
  17.77944     400000     1c0000
  17.77972     400000     1c0000
  17.78000     400000     1c0000
  17.78028     400000     1c0000
  17.78056     400000     1c0000
  17.78083     400000     1c0000
  17.78111     400000     1c0000
  17.78139     400000     1c0000
  17.78167     400000     1c0000
  17.78194     400000     1c0000
  17.78222     400000     1c0000
  17.78250     400000     1c0000
  17.78278     400000     1c0000
  17.78305     400000     1c0000
  17.78333     400000     1c0000
  17.78361     400000     1c0000
  17.78389     400000     1c0000
  17.78417     400000     1c0000
  17.78444     400000     1c0000
  17.78472     400000     1c0000
  17.78500     400000     1c0000
  17.78528     400000     1c0000
  17.78555     400000     1c0000
  17.78583     400000     1c0000
  17.78611     400000     1c0000
  17.78639     400000     1c0000
  17.78667     400000     1c0000
  17.78694     400000     1c0000
  17.78722     400000     1c0000
  17.78750     400000     1c0000
  17.78778     400000     1c0000
  17.78806     400000     1c0000
  17.78833     400000     1c0000
  17.78861     400000     1c0000
  17.78889     400000     1c0000
  17.78917     400000     1c0000
  17.78944     400000     1c0000
  17.78972     400000     1c0000
  17.79000     400000     1c0000
  17.79028     400000     1c0000
  17.79056     400000     1c0000
  17.79083     400000     1c0000
  17.79111     400000     1c0000
  17.79139     400000     1c0000
  17.79167     400000     1c0000
  17.79194     400000     1c0000
  17.79222     400000     1c0000
  17.79250     400000     1c0000
  17.79278     400000     1c0000
  17.79305     400000     1c0000
  17.79333     400000     1c0000
  17.79361     400000     1c0000
  17.79389     400000     1c0000
  17.79417     400000     1c0000
  17.79444     400000     1c0000
  17.79472     400000     1c0000
  17.79500     400000     1c0000
  17.79528     400000     1c0000
  17.79556     400000     1c0000
  17.79583     400000     1c0000
  17.79611     400000     1c0000
  17.79639     400000     1c0000
  17.79667     400000     1c0000
  17.79694     400000     1c0000
  17.79722     400000     1c0000
  17.79750     400000     1c0000
  17.79778     400000     1c0000
  17.79806     400000     1c0000
  17.79833     400000     1c0000
  17.79861     400000     1c0000
  17.79889     400000     1c0000
  17.79917     400000     1c0000
  17.79944     400000     1c0000
  17.79972     400000     1c0000
  17.80000     400000     1c0000
  17.80028     400000     1c0000
  17.80055     400000     1c0000
  17.80083     400000     1c0000
  17.80111     400000     1c0000
  17.80139     400000     1c0000
  17.80167     400000     1c0000
  17.80194     400000     1c0000
  17.80222     400000     1c0000
  17.80250     400000     1c0000
  17.80278     400000     1c0000
  17.80305     400000     1c0000
  17.80333     400000     1c0000
  17.80361     400000     1c0000
  17.80389     400000     1c0000
  17.80417     400000     1c0000
  17.80444     400000     1c0000
  17.80472     400000     1c0000
  17.80500     400000     1c0000
  17.80528     400000     1c0000
  17.80556     400000     1c0000
  17.80583     400000     1c0000
  17.80611     400000     1c0000
  17.80639     400000     1c0000
  17.80667     400000     1c0000
  17.80694     400000     1c0000
  17.80722     400000     1c0000
  17.80750     400000     1c0000
  17.80778     400000     1c0000
  17.80805     400000     1c0000
  17.80833     400000     1c0000
  17.80861     400000     1c0000
  17.80889     400000     1c0000
  17.80917     400000     1c0000
  17.80944     400000     1c0000
  17.80972     400000     1c0000
  17.81000     400000     1c0000
  17.81028     400000     1c0000
  17.81055     400000     1c0000
  17.81083     400000     1c0000
  17.81111     400000     1c0000
  17.81139     400000     1c0000
  17.81167     400000     1c0000
  17.81194     400000     1c0000
  17.81222     400000     1c0000
  17.81250     400000     1c0000
  17.81278     400000     1c0000
  17.81306     400000     1c0000
  17.81333     400000     1c0000
  17.81361     400000     1c0000
  17.81389     400000     1c0000
  17.81417     400000     1c0000
  17.81444     400000     1c0000
  17.81472     400000     1c0000
  17.81500     400000     1c0000
  17.81528     400000     1c0000
  17.81556     400000     1c0000
  17.81583     400000     1c0000
  17.81611     400000     1c0000
  17.81639     400000     1c0000
  17.81667     400000     1c0000
  17.81695     400000     1c0000
  17.81722     400000     1c0000
  17.81750     400000     1c0000
  17.81778     400000     1c0000
  17.81806     400000     1c0000
  17.81833     400000     1c0000
  17.81861     400000     1c0000
  17.81889     400000     1c0000
  17.81917     400000     1c0000
  17.81944     400000     1c0000
  17.81972     400000     1c0000
  17.82000     400000     1c0000
  17.82028     400000     1c0000
  17.82056     400000     1c0000
  17.82084     400000     1c0000
  17.82111     400000     1c0000
  17.82139     400000     1c0000
  17.82167     400000     1c0000
  17.82195     400000     1c0000
  17.82222     400000     1c0000
  17.82250     400000     1c0000
  17.82278     400000     1c0000
  17.82306     400000     1c0000
  17.82333     400000     1c0000
  17.82361     400000     1c0000
  17.82389     400000     1c0000
  17.82417     400000     1c0000
  17.82445     400000     1c0000
  17.82472     400000     1c0000
  17.82500     400000     1c0000
  17.82528     400000     1c0000
  17.82556     400000     1c0000
  17.82583     400000     1c0000
  17.82611     400000     1c0000
  17.82639     400000     1c0000
  17.82667     400000     1c0000
  17.82695     400000     1c0000
  17.82722     400000     1c0000
  17.82750     400000     1c0000
  17.82778     400000     1c0000
  17.82806     400000     1c0000
  17.82833     400000     1c0000
  17.82861     400000     1c0000
  17.82889     400000     1c0000
  17.82917     400000     1c0000
  17.82944     400000     1c0000
  17.82972     400000     1c0000
  17.83000     400000     1c0000
  17.83028     400000     1c0000
  17.83056     400000     1c0000
  17.83083     400000     1c0000
  17.83111     400000     1c0000
  17.83139     400000     1c0000
  17.83167     400000     1c0000
  17.83195     400000     1c0000
  17.83222     400000     1c0000
  17.83250     400000     1c0000
  17.83278     400000     1c0000
  17.83306     400000     1c0000
  17.83333     400000     1c0000
  17.83361     400000     1c0000
  17.83389     400000     1c0000
  17.83417     400000     1c0000
  17.83445     400000     1c0000
  17.83472     400000     1c0000
  17.83500     400000     1c0000
  17.83528     400000     1c0000
  17.83556     400000     1c0000
  17.83583     400000     1c0000
  17.83611     400000     1c0000
  17.83639     400000     1c0000
  17.83667     400000     1c0000
  17.83694     400000     1c0000
  17.83722     400000     1c0000
  17.83750     400000     1c0000
  17.83778     400000     1c0000
  17.83806     400000     1c0000
  17.83833     400000     1c0000
  17.83861     400000     1c0000
  17.83889     400000     1c0000
  17.83917     400000     1c0000
  17.83945     400000     1c0000
  17.83972     400000     1c0000
  17.84000     400000     1c0000
  17.84028     400000     1c0000
  17.84056     400000     1c0000
  17.84083     400000     1c0000
  17.84111     400000     1c0000
  17.84139     400000     1c0000
  17.84167     400000     1c0000
  17.84195     400000     1c0000
  17.84222     400000     1c0000
  17.84250     400000     1c0000
  17.84278     400000     1c0000
  17.84306     400000     1c0000
  17.84333     400000     1c0000
  17.84361     400000     1c0000
  17.84389     400000     1c0000
  17.84417     400000     1c0000
  17.84444     400000     1c0000
  17.84472     400000     1c0000
  17.84500     400000     1c0000
  17.84528     400000     1c0000
  17.84556     400000     1c0000
  17.84583     400000     1c0000
  17.84611     400000     1c0000
  17.84639     400000     1c0000
  17.84667     400000     1c0000
  17.84694     400000     1c0000
  17.84722     400000     1c0000
  17.84750     400000     1c0000
  17.84778     400000     1c0000
  17.84806     400000     1c0000
  17.84833     400000     1c0000
  17.84861     400000     1c0000
  17.84889     400000     1c0000
  17.84917     400000     1c0000
  17.84945     400000     1c0000
  17.84972     400000     1c0000
  17.85000     400000     1c0000
  17.85028     400000     1c0000
  17.85056     400000     1c0000
  17.85083     400000     1c0000
  17.85111     400000     1c0000
  17.85139     400000     1c0000
  17.85167     400000     1c0000
  17.85194     400000     1c0000
  17.85222     400000     1c0000
  17.85250     400000     1c0000
  17.85278     400000     1c0000
  17.85306     400000     1c0000
  17.85333     400000     1c0000
  17.85361     400000     1c0000
  17.85389     400000     1c0000
  17.85417     400000     1c0000
  17.85444     400000     1c0000
  17.85472     400000     1c0000
  17.85500     400000     1c0000
  17.85528     400000     1c0000
  17.85556     400000     1c0000
  17.85583     400000     1c0000
  17.85611     400000     1c0000
  17.85639     400000     1c0000
  17.85667     400000     1c0000
  17.85695     400000     1c0000
  17.85722     400000     1c0000
  17.85750     400000     1c0000
  17.85778     400000     1c0000
  17.85806     400000     1c0000
  17.85833     400000     1c0000
  17.85861     400000     1c0000
  17.85889     400000     1c0000
  17.85917     400000     1c0000
  17.85945     400000     1c0000
  17.85972     400000     1c0000
  17.86000     400000     1c0000
  17.86028     400000     1c0000
  17.86056     400000     1c0000
  17.86083     400000     1c0000
  17.86111     400000     1c0000
  17.86139     400000     1c0000
  17.86167     400000     1c0000
  17.86194     400000     1c0000
  17.86222     400000     1c0000
  17.86250     400000     1c0000
  17.86278     400000     1c0000
  17.86306     400000     1c0000
  17.86333     400000     1c0000
  17.86361     400000     1c0000
  17.86389     400000     1c0000
  17.86417     400000     1c0000
  17.86444     400000     1c0000
  17.86472     400000     1c0000
  17.86500     400000     1c0000
  17.86528     400000     1c0000
  17.86556     400000     1c0000
  17.86583     400000     1c0000
  17.86611     400000     1c0000
  17.86639     400000     1c0000
  17.86667     400000     1c0000
  17.86695     400000     1c0000
  17.86722     400000     1c0000
  17.86750     400000     1c0000
  17.86778     400000     1c0000
  17.86806     400000     1c0000
  17.86833     400000     1c0000
  17.86861     400000     1c0000
  17.86889     400000     1c0000
  17.86917     400000     1c0000
  17.86944     400000     1c0000
  17.86972     400000     1c0000
  17.87000     400000     1c0000
  17.87028     400000     1c0000
  17.87056     400000     1c0000
  17.87083     400000     1c0000
  17.87111     400000     1c0000
  17.87139     400000     1c0000
  17.87167     400000     1c0000
  17.87194     400000     1c0000
  17.87222     400000     1c0000
  17.87250     400000     1c0000
  17.87278     400000     1c0000
  17.87306     400000     1c0000
  17.87333     400000     1c0000
  17.87361     400000     1c0000
  17.87389     400000     1c0000
  17.87417     400000     1c0000
  17.87444     400000     1c0000
  17.87472     400000     1c0000
  17.87500     400000     1c0000
  17.87528     400000     1c0000
  17.87556     400000     1c0000
  17.87583     400000     1c0000
  17.87611     400000     1c0000
  17.87639     400000     1c0000
  17.87667     400000     1c0000
  17.87695     400000     1c0000
  17.87722     400000     1c0000
  17.87750     400000     1c0000
  17.87778     400000     1c0000
  17.87806     400000     1c0000
  17.87833     400000     1c0000
  17.87861     400000     1c0000
  17.87889     400000     1c0000
  17.87917     400000     1c0000
  17.87944     400000     1c0000
  17.87972     400000     1c0000
  17.88000     400000     1c0000
  17.88028     400000     1c0000
  17.88056     400000     1c0000
  17.88083     400000     1c0000
  17.88111     400000     1c0000
  17.88139     400000     1c0000
  17.88167     400000     1c0000
  17.88194     400000     1c0000
  17.88222     400000     1c0000
  17.88250     400000     1c0000
  17.88278     400000     1c0000
  17.88306     400000     1c0000
  17.88333     400000     1c0000
  17.88361     400000     1c0000
  17.88389     400000     1c0000
  17.88417     400000     1c0000
  17.88445     400000     1c0000
  17.88472     400000     1c0000
  17.88500     400000     1c0000
  17.88528     400000     1c0000
  17.88556     400000     1c0000
  17.88583     400000     1c0000
  17.88611     400000     1c0000
  17.88639     400000     1c0000
  17.88667     400000     1c0000
  17.88694     400000     1c0000
  17.88722     400000     1c0000
  17.88750     400000     1c0000
  17.88778     400000     1c0000
  17.88806     400000     1c0000
  17.88833     400000     1c0000
  17.88861     400000     1c0000
  17.88889     400000     1c0000
  17.88917     400000     1c0000
  17.88944     400000     1c0000
  17.88972     400000     1c0000
  17.89000     400000     1c0000
  17.89028     400000     1c0000
  17.89056     400000     1c0000
  17.89083     400000     1c0000
  17.89111     400000     1c0000
  17.89139     400000     1c0000
  17.89167     400000     1c0000
  17.89194     400000     1c0000
  17.89222     400000     1c0000
  17.89250     400000     1c0000
  17.89278     400000     1c0000
  17.89305     400000     1c0000
  17.89333     400000     1c0000
  17.89361     400000     1c0000
  17.89389     400000     1c0000
  17.89417     400000     1c0000
  17.89444     400000     1c0000
  17.89472     400000     1c0000
  17.89500     400000     1c0000
  17.89528     400000     1c0000
  17.89556     400000     1c0000
  17.89583     400000     1c0000
  17.89611     400000     1c0000
  17.89639     400000     1c0000
  17.89667     400000     1c0000
  17.89694     400000     1c0000
  17.89722     400000     1c0000
  17.89750     400000     1c0000
  17.89778     400000     1c0000
  17.89806     400000     1c0000
  17.89833     400000     1c0000
  17.89861     400000     1c0000
  17.89889     400000     1c0000
  17.89917     400000     1c0000
  17.89944     400000     1c0000
  17.89972     400000     1c0000
  17.90000     400000     1c0000
  17.90028     400000     1c0000
  17.90055     400000     1c0000
  17.90083     400000     1c0000
  17.90111     400000     1c0000
  17.90139     400000     1c0000
  17.90167     400000     1c0000
  17.90194     400000     1c0000
  17.90222     400000     1c0000
  17.90250     400000     1c0000
  17.90278     400000     1c0000
  17.90306     400000     1c0000
  17.90333     400000     1c0000
  17.90361     400000     1c0000
  17.90389     400000     1c0000
  17.90417     400000     1c0000
  17.90444     400000     1c0000
  17.90472     400000     1c0000
  17.90500     400000     1c0000
  17.90528     400000     1c0000
  17.90556     400000     1c0000
  17.90583     400000     1c0000
  17.90611     400000     1c0000
  17.90639     400000     1c0000
  17.90667     400000     1c0000
  17.90694     400000     1c0000
  17.90722     400000     1c0000
  17.90750     400000     1c0000
  17.90778     400000     1c0000
  17.90805     400000     1c0000
  17.90833     400000     1c0000
  17.90861     400000     1c0000
  17.90889     400000     1c0000
  17.90917     400000     1c0000
  17.90944     400000     1c0000
  17.90972     400000     1c0000
  17.91000     400000     1c0000
  17.91028     400000     1c0000
  17.91055     400000     1c0000
  17.91083     400000     1c0000
  17.91111     400000     1c0000
  17.91139     400000     1c0000
  17.91167     400000     1c0000
  17.91194     400000     1c0000
  17.91222     400000     1c0000
  17.91250     400000     1c0000
  17.91278     400000     1c0000
  17.91306     400000     1c0000
  17.91333     400000     1c0000
  17.91361     400000     1c0000
  17.91389     400000     1c0000
  17.91417     400000     1c0000
  17.91444     400000     1c0000
  17.91472     400000     1c0000
  17.91500     400000     1c0000
  17.91528     400000     1c0000
  17.91556     400000     1c0000
  17.91583     400000     1c0000
  17.91611     400000     1c0000
  17.91639     400000     1c0000
  17.91667     400000     1c0000
  17.91694     400000     1c0000
  17.91722     400000     1c0000
  17.91750     400000     1c0000
  17.91778     400000     1c0000
  17.91805     400000     1c0000
  17.91833     400000     1c0000
  17.91861     400000     1c0000
  17.91889     400000     1c0000
  17.91917     400000     1c0000
  17.91944     400000     1c0000
  17.91972     400000     1c0000
  17.92000     400000     1c0000
  17.92028     400000     1c0000
  17.92056     400000     1c0000
  17.92083     400000     1c0000
  17.92111     400000     1c0000
  17.92139     400000     1c0000
  17.92167     400000     1c0000
  17.92194     400000     1c0000
  17.92222     400000     1c0000
  17.92250     400000     1c0000
  17.92278     400000     1c0000
  17.92306     400000     1c0000
  17.92333     400000     1c0000
  17.92361     400000     1c0000
  17.92389     400000     1c0000
  17.92417     400000     1c0000
  17.92444     400000     1c0000
  17.92472     400000     1c0000
  17.92500     400000     1c0000
  17.92528     400000     1c0000
  17.92555     400000     1c0000
  17.92583     400000     1c0000
  17.92611     400000     1c0000
  17.92639     400000     1c0000
  17.92667     400000     1c0000
  17.92694     400000     1c0000
  17.92722     400000     1c0000
  17.92750     400000     1c0000
  17.92778     400000     1c0000
  17.92805     400000     1c0000
  17.92833     400000     1c0000
  17.92861     400000     1c0000
  17.92889     400000     1c0000
  17.92917     400000     1c0000
  17.92944     400000     1c0000
  17.92972     400000     1c0000
  17.93000     400000     1c0000
  17.93028     400000     1c0000
  17.93056     400000     1c0000
  17.93083     400000     1c0000
  17.93111     400000     1c0000
  17.93111     400000     1c0000
  17.93167     400000     1c0000
  17.93250     400000     1c0000
  17.93278     400000     1c0000
  17.93278     400000     1c0000
  17.93361     400000     1c0000
  17.93389     400000     1c0000
  17.93417     400000     1c0000
  17.93445     400000     1c0000
  17.93472     400000     1c0000
  17.93500     400000     1c0000
  17.93528     400000     1c0000
  17.93556     400000     1c0000
  17.93583     400000     1c0000
  17.93611     400000     1c0000
  17.93639     400000     1c0000
  17.93667     400000     1c0000
  17.93694     400000     1c0000
  17.93722     400000     1c0000
  17.93750     400000     1c0000
  17.93778     400000     1c0000
  17.93806     400000     1c0000
  17.93833     400000     1c0000
  17.93861     400000     1c0000
  17.93889     400000     1c0000
  17.93917     400000     1c0000
  17.93945     400000     1c0000
  17.93972     400000     1c0000
  17.94000     400000     1c0000
  17.94028     400000     1c0000
  17.94056     400000     1c0000
  17.94083     400000     1c0000
  17.94111     400000     1c0000
  17.94139     400000     1c0000
  17.94167     400000     1c0000
  17.94195     400000     1c0000
  17.94222     400000     1c0000
  17.94250     400000     1c0000
  17.94278     400000     1c0000
  17.94306     400000     1c0000
  17.94333     400000     1c0000
  17.94361     400000     1c0000
  17.94389     400000     1c0000
  17.94417     400000     1c0000
  17.94444     400000     1c0000
  17.94472     400000     1c0000
  17.94500     400000     1c0000
  17.94528     400000     1c0000
  17.94556     400000     1c0000
  17.94584     400000     1c0000
  17.94611     400000     1c0000
  17.94639     400000     1c0000
  17.94667     400000     1c0000
  17.94695     400000     1c0000
  17.94722     400000     1c0000
  17.94750     400000     1c0000
  17.94778     400000     1c0000
  17.94806     400000     1c0000
  17.94833     400000     1c0000
  17.94861     400000     1c0000
  17.94889     400000     1c0000
  17.94917     400000     1c0000
  17.94945     400000     1c0000
  17.94972     400000     1c0000
  17.95000     400000     1c0000
  17.95028     400000     1c0000
  17.95056     400000     1c0000
  17.95083     400000     1c0000
  17.95111     400000     1c0000
  17.95139     400000     1c0000
  17.95167     400000     1c0000
  17.95194     400000     1c0000
  17.95222     400000     1c0000
  17.95250     400000     1c0000
  17.95278     400000     1c0000
  17.95306     400000     1c0000
  17.95333     400000     1c0000
  17.95361     400000     1c0000
  17.95389     400000     1c0000
  17.95417     400000     1c0000
  17.95444     400000     1c0000
  17.95472     400000     1c0000
  17.95500     400000     1c0000
  17.95528     400000     1c0000
  17.95556     400000     1c0000
  17.95583     400000     1c0000
  17.95611     400000     1c0000
  17.95639     400000     1c0000
  17.95667     400000     1c0000
  17.95695     400000     1c0000
  17.95722     400000     1c0000
  17.95750     400000     1c0000
  17.95778     400000     1c0000
  17.95806     400000     1c0000
  17.95833     400000     1c0000
  17.95861     400000     1c0000
  17.95889     400000     1c0000
  17.95917     400000     1c0000
  17.95945     400000     1c0000
  17.95972     400000     1c0000
  17.96000     400000     1c0000
  17.96028     400000     1c0000
  17.96056     400000     1c0000
  17.96083     400000     1c0000
  17.96111     400000     1c0000
  17.96139     400000     1c0000
  17.96167     400000     1c0000
  17.96194     400000     1c0000
  17.96222     400000     1c0000
  17.96250     400000     1c0000
  17.96278     400000     1c0000
  17.96306     400000     1c0000
  17.96334     400000     1c0000
  17.96361     400000     1c0000
  17.96389     400000     1c0000
  17.96417     400000     1c0000
  17.96445     400000     1c0000
  17.96472     400000     1c0000
  17.96500     400000     1c0000
  17.96528     400000     1c0000
  17.96556     400000     1c0000
  17.96583     400000     1c0000
  17.96611     400000     1c0000
  17.96639     400000     1c0000
  17.96667     400000     1c0000
  17.96695     400000     1c0000
  17.96722     400000     1c0000
  17.96750     400000     1c0000
  17.96778     400000     1c0000
  17.96806     400000     1c0000
  17.96833     400000     1c0000
  17.96861     400000     1c0000
  17.96889     400000     1c0000
  17.96917     400000     1c0000
  17.96944     400000     1c0000
  17.96972     400000     1c0000
  17.97000     400000     1c0000
  17.97028     400000     1c0000
  17.97056     400000     1c0000
  17.97083     400000     1c0000
  17.97111     400000     1c0000
  17.97139     400000     1c0000
  17.97167     400000     1c0000
  17.97194     400000     1c0000
  17.97222     400000     1c0000
  17.97250     400000     1c0000
  17.97278     400000     1c0000
  17.97306     400000     1c0000
  17.97333     400000     1c0000
  17.97361     400000     1c0000
  17.97389     400000     1c0000
  17.97417     400000     1c0000
  17.97445     400000     1c0000
  17.97472     400000     1c0000
  17.97500     400000     1c0000
  17.97528     400000     1c0000
  17.97556     400000     1c0000
  17.97583     400000     1c0000
  17.97611     400000     1c0000
  17.97639     400000     1c0000
  17.97667     400000     1c0000
  17.97695     400000     1c0000
  17.97722     400000     1c0000
  17.97750     400000     1c0000
  17.97778     400000     1c0000
  17.97806     400000     1c0000
  17.97833     400000     1c0000
  17.97861     400000     1c0000
  17.97889     400000     1c0000
  17.97917     400000     1c0000
  17.97944     400000     1c0000
  17.97972     400000     1c0000
  17.98000     400000     1c0000
  17.98028     400000     1c0000
  17.98056     400000     1c0000
  17.98083     400000     1c0000
  17.98111     400000     1c0000
  17.98139     400000     1c0000
  17.98167     400000     1c0000
  17.98195     400000     1c0000
  17.98222     400000     1c0000
  17.98250     400000     1c0000
  17.98278     400000     1c0000
  17.98306     400000     1c0000
  17.98333     400000     1c0000
  17.98361     400000     1c0000
  17.98389     400000     1c0000
  17.98417     400000     1c0000
  17.98445     400000     1c0000
  17.98472     400000     1c0000
  17.98500     400000     1c0000
  17.98528     400000     1c0000
  17.98556     400000     1c0000
  17.98583     400000     1c0000
  17.98611     400000     1c0000
  17.98639     400000     1c0000
  17.98667     400000     1c0000
  17.98694     400000     1c0000
  17.98722     400000     1c0000
  17.98750     400000     1c0000
  17.98778     400000     1c0000
  17.98806     400000     1c0000
  17.98833     400000     1c0000
  17.98861     400000     1c0000
  17.98889     400000     1c0000
  17.98917     400000     1c0000
  17.98944     400000     1c0000
  17.98972     400000     1c0000
  17.99000     400000     1c0000
  17.99028     400000     1c0000
  17.99056     400000     1c0000
  17.99083     400000     1c0000
  17.99111     400000     1c0000
  17.99139     400000     1c0000
  17.99167     400000     1c0000
  17.99195     400000     1c0000
  17.99222     400000     1c0000
  17.99250     400000     1c0000
  17.99278     400000     1c0000
  17.99306     400000     1c0000
  17.99333     400000     1c0000
  17.99361     400000     1c0000
  17.99389     400000     1c0000
  17.99417     400000     1c0000
  17.99444     400000     1c0000
  17.99472     400000     1c0000
  17.99500     400000     1c0000
  17.99528     400000     1c0000
  17.99556     400000     1c0000
  17.99583     400000     1c0000
  17.99611     400000     1c0000
  17.99639     400000     1c0000
  17.99667     400000     1c0000
  17.99694     400000     1c0000
  17.99722     400000     1c0000
  17.99750     400000     1c0000
  17.99778     400000     1c0000
  17.99806     400000     1c0000
  17.99833     400000     1c0000
  17.99861     400000     1c0000
  17.99889     400000     1c0000
  17.99917     400000     1c0000
  17.99944     400000     1c0000
  17.99972     400000     1c0000
  18.00000     400000     1c0000
  18.00028     400000     1c0000
  18.00056     400000     1c0000
  18.00083     400000     1c0000
  18.00111     400000     1c0000
  18.00139     400000     1c0000
  18.00167     400000     1c0000
  18.00194     400000     1c0000
  18.00222     400000     1c0000
  18.00250     400000     1c0000
  18.00278     400000     1c0000
  18.00306     400000     1c0000
  18.00333     400000     1c0000
  18.00361     400000     1c0000
  18.00389     400000     1c0000
  18.00417     400000     1c0000
  18.00444     400000     1c0000
  18.00472     400000     1c0000
  18.00500     400000     1c0000
  18.00528     400000     1c0000
  18.00556     400000     1c0000
  18.00583     400000     1c0000
  18.00611     400000     1c0000
  18.00639     400000     1c0000
  18.00667     400000     1c0000
  18.00694     400000     1c0000
  18.00722     400000     1c0000
  18.00750     400000     1c0000
  18.00778     400000     1c0000
  18.00805     400000     1c0000
  18.00833     400000     1c0000
  18.00861     400000     1c0000
  18.00889     400000     1c0000
  18.00917     400000     1c0000
  18.00945     400000     1c0000
  18.00972     400000     1c0000
  18.01000     400000     1c0000
  18.01028     400000     1c0000
  18.01056     400000     1c0000
  18.01083     400000     1c0000
  18.01111     400000     1c0000
  18.01139     400000     1c0000
  18.01167     400000     1c0000
  18.01194     400000     1c0000
  18.01222     400000     1c0000
  18.01250     400000     1c0000
  18.01278     400000     1c0000
  18.01306     400000     1c0000
  18.01333     400000     1c0000
  18.01361     400000     1c0000
  18.01389     400000     1c0000
  18.01417     400000     1c0000
  18.01444     400000     1c0000
  18.01472     400000     1c0000
  18.01500     400000     1c0000
  18.01528     400000     1c0000
  18.01556     400000     1c0000
  18.01583     400000     1c0000
  18.01611     400000     1c0000
  18.01639     400000     1c0000
  18.01667     400000     1c0000
  18.01694     400000     1c0000
  18.01722     400000     1c0000
  18.01750     400000     1c0000
  18.01778     400000     1c0000
  18.01805     400000     1c0000
  18.01833     400000     1c0000
  18.01861     400000     1c0000
  18.01889     400000     1c0000
  18.01917     400000     1c0000
  18.01944     400000     1c0000
  18.01972     400000     1c0000
  18.02000     400000     1c0000
  18.02028     400000     1c0000
  18.02056     400000     1c0000
  18.02083     400000     1c0000
  18.02111     400000     1c0000
  18.02139     400000     1c0000
  18.02167     400000     1c0000
  18.02194     400000     1c0000
  18.02222     400000     1c0000
  18.02250     400000     1c0000
  18.02278     400000     1c0000
  18.02306     400000     1c0000
  18.02333     400000     1c0000
  18.02361     400000     1c0000
  18.02389     400000     1c0000
  18.02417     400000     1c0000
  18.02444     400000     1c0000
  18.02472     400000     1c0000
  18.02500     400000     1c0000
  18.02528     400000     1c0000
  18.02555     400000     1c0000
  18.02583     400000     1c0000
  18.02611     400000     1c0000
  18.02639     400000     1c0000
  18.02667     400000     1c0000
  18.02695     400000     1c0000
  18.02722     400000     1c0000
  18.02750     400000     1c0000
  18.02778     400000     1c0000
  18.02806     400000     1c0000
  18.02833     400000     1c0000
  18.02861     400000     1c0000
  18.02889     400000     1c0000
  18.02917     400000     1c0000
  18.02944     400000     1c0000
  18.02972     400000     1c0000
  18.03000     400000     1c0000
  18.03028     400000     1c0000
  18.03056     400000     1c0000
  18.03083     400000     1c0000
  18.03111     400000     1c0000
  18.03139     400000     1c0000
  18.03167     400000     1c0000
  18.03194     400000     1c0000
  18.03222     400000     1c0000
  18.03250     400000     1c0000
  18.03278     400000     1c0000
  18.03305     400000     1c0000
  18.03333     400000     1c0000
  18.03361     400000     1c0000
  18.03389     400000     1c0000
  18.03417     400000     1c0000
  18.03444     400000     1c0000
  18.03472     400000     1c0000
  18.03500     400000     1c0000
  18.03528     400000     1c0000
  18.03555     400000     1c0000
  18.03583     400000     1c0000
  18.03611     400000     1c0000
  18.03639     400000     1c0000
  18.03667     400000     1c0000
  18.03694     400000     1c0000
  18.03722     400000     1c0000
  18.03750     400000     1c0000
  18.03778     400000     1c0000
  18.03806     400000     1c0000
  18.03833     400000     1c0000
  18.03861     400000     1c0000
  18.03889     400000     1c0000
  18.03917     400000     1c0000
  18.03944     400000     1c0000
  18.03972     400000     1c0000
  18.04000     400000     1c0000
  18.04028     400000     1c0000
  18.04056     400000     1c0000
  18.04083     400000     1c0000
  18.04111     400000     1c0000
  18.04139     400000     1c0000
  18.04167     400000     1c0000
  18.04194     400000     1c0000
  18.04222     400000     1c0000
  18.04250     400000     1c0000
  18.04278     400000     1c0000
  18.04305     400000     1c0000
  18.04333     400000     1c0000
  18.04361     400000     1c0000
  18.04389     400000     1c0000
  18.04417     400000     1c0000
  18.04444     400000     1c0000
  18.04472     400000     1c0000
  18.04500     400000     1c0000
  18.04528     400000     1c0000
  18.04556     400000     1c0000
  18.04583     400000     1c0000
  18.04611     400000     1c0000
  18.04639     400000     1c0000
  18.04667     400000     1c0000
  18.04694     400000     1c0000
  18.04722     400000     1c0000
  18.04750     400000     1c0000
  18.04778     400000     1c0000
  18.04806     400000     1c0000
  18.04833     400000     1c0000
  18.04861     400000     1c0000
  18.04889     400000     1c0000
  18.04917     400000     1c0000
  18.04944     400000     1c0000
  18.04972     400000     1c0000
  18.05000     400000     1c0000
  18.05028     400000     1c0000
  18.05055     400000     1c0000
  18.05083     400000     1c0000
  18.05111     400000     1c0000
  18.05139     400000     1c0000
  18.05167     400000     1c0000
  18.05167     400000     1c0000
  18.05222     400000     1c0000
  18.05250     400000     1c0000
  18.05278     400000     1c0000
  18.05305     400000     1c0000
  18.05333     400000     1c0000
  18.05361     400000     1c0000
  18.05389     400000     1c0000
  18.05417     400000     1c0000
  18.05444     400000     1c0000
  18.05472     400000     1c0000
  18.05500     400000     1c0000
  18.05528     400000     1c0000
  18.05556     400000     1c0000
  18.05583     400000     1c0000
  18.05611     400000     1c0000
  18.05639     400000     1c0000
  18.05667     400000     1c0000
  18.05694     400000     1c0000
  18.05722     400000     1c0000
  18.05750     400000     1c0000
  18.05778     400000     1c0000
  18.05805     400000     1c0000
  18.05833     400000     1c0000
  18.05861     400000     1c0000
  18.05889     400000     1c0000
  18.05917     400000     1c0000
  18.05944     400000     1c0000
  18.05972     400000     1c0000
  18.06000     400000     1c0000
  18.06028     400000     1c0000
  18.06055     400000     1c0000
  18.06083     400000     1c0000
  18.06111     400000     1c0000
  18.06139     400000     1c0000
  18.06167     400000     1c0000
  18.06194     400000     1c0000
  18.06222     400000     1c0000
  18.06250     400000     1c0000
  18.06278     400000     1c0000
  18.06306     400000     1c0000
  18.06333     400000     1c0000
  18.06361     400000     1c0000
  18.06389     400000     1c0000
  18.06417     400000     1c0000
  18.06444     400000     1c0000
  18.06472     400000     1c0000
  18.06500     400000     1c0000
  18.06528     400000     1c0000
  18.06556     400000     1c0000
  18.06583     400000     1c0000
  18.06611     400000     1c0000
  18.06639     400000     1c0000
  18.06667     400000     1c0000
  18.06695     400000     1c0000
  18.06722     400000     1c0000
  18.06750     400000     1c0000
  18.06778     400000     1c0000
  18.06806     400000     1c0000
  18.06833     400000     1c0000
  18.06861     400000     1c0000
  18.06889     400000     1c0000
  18.06917     400000     1c0000
  18.06944     400000     1c0000
  18.06972     400000     1c0000
  18.06972     400000     1c0000
  18.07028     400000     1c0000
  18.07056     400000     1c0000
  18.07084     400000     1c0000
  18.07111     400000     1c0000
  18.07139     400000     1c0000
  18.07167     400000     1c0000
  18.07195     400000     1c0000
  18.07222     400000     1c0000
  18.07250     400000     1c0000
  18.07278     400000     1c0000
  18.07306     400000     1c0000
  18.07333     400000     1c0000
  18.07361     400000     1c0000
  18.07389     400000     1c0000
  18.07417     400000     1c0000
  18.07445     400000     1c0000
  18.07472     400000     1c0000
  18.07500     400000     1c0000
  18.07528     400000     1c0000
  18.07556     400000     1c0000
  18.07583     400000     1c0000
  18.07611     400000     1c0000
  18.07639     400000     1c0000
  18.07667     400000     1c0000
  18.07695     400000     1c0000
  18.07722     400000     1c0000
  18.07750     400000     1c0000
  18.07778     400000     1c0000
  18.07806     400000     1c0000
  18.07833     400000     1c0000
  18.07861     400000     1c0000
  18.07889     400000     1c0000
  18.07917     400000     1c0000
  18.07944     400000     1c0000
  18.07972     400000     1c0000
  18.08000     400000     1c0000
  18.08000     400000     1c0000
  18.08056     400000     1c0000
  18.08083     400000     1c0000
